Arguments: 
  C:\Program Files\nodejs\node.exe C:\Users\dilan\OneDrive\Bureau\Play Curious\Red Metrics 2\api-site\node_modules\yarn\bin\yarn.js format

PATH: 
  C:\Users\dilan\OneDrive\Bureau\Play Curious\Red Metrics 2\api-site\node_modules\.bin;C:\Program Files (x86)\Common Files\Intel\Shared Libraries\redist\intel64\compiler;C:\Python39\Scripts\;C:\Python39\;C:\windows\system32;C:\windows;C:\windows\System32\Wbem;C:\windows\System32\WindowsPowerShell\v1.0\;C:\windows\System32\OpenSSH\;C:\Program Files (x86)\NVIDIA Corporation\PhysX\Common;C:\Program Files\NVIDIA Corporation\NVIDIA NvDLISR;C:\WINDOWS\system32;C:\WINDOWS;C:\WINDOWS\System32\Wbem;C:\WINDOWS\System32\WindowsPowerShell\v1.0\;C:\WINDOWS\System32\OpenSSH\;C:\Program Files\nodejs\;C:\ProgramData\chocolatey\bin;C:\Program Files\Git\cmd;C:\Program Files\Docker\Docker\resources\bin;C:\ProgramData\DockerDesktop\version-bin;C:\Users\dilan\AppData\Local\Microsoft\WindowsApps;C:\Users\dilan\AppData\Roaming\npm

Yarn version: 
  1.22.10

Node version: 
  16.2.0

Platform: 
  win32 x64

Trace: 
  SyntaxError: C:\Users\dilan\OneDrive\Bureau\Play Curious\Red Metrics 2\api-site\package.json: Unexpected token } in JSON at position 905
      at JSON.parse (<anonymous>)
      at C:\Users\dilan\OneDrive\Bureau\Play Curious\Red Metrics 2\api-site\node_modules\yarn\lib\cli.js:1625:59
      at Generator.next (<anonymous>)
      at step (C:\Users\dilan\OneDrive\Bureau\Play Curious\Red Metrics 2\api-site\node_modules\yarn\lib\cli.js:310:30)
      at C:\Users\dilan\OneDrive\Bureau\Play Curious\Red Metrics 2\api-site\node_modules\yarn\lib\cli.js:321:13

npm manifest: 
  {
    "name": "rm2",
    "version": "1.0.0",
    "description": "Open game analytics",
    "scripts": {
      "start": "docker compose up --build",
      "start-no-build": "docker compose up",
      "connect-backend": "docker exec -it redmetrics2_backend_1 /bin/bash",
      "connect-frontend": "docker exec -it redmetrics2_frontend_1 /bin/bash",
      "stop": "docker-compose stop frontend backend db adminer",
      "remove": "num run stop; docker-compose rm -f frontend backend db adminer",
      "format": "prettier --write frontend/src backend/src backend/tests"
    },
    "repository": {
      "type": "git",
      "url": "git+https://github.com/play-curious/RedMetrics2.git"
    },
    "author": "PlayCurious",
    "license": "MIT",
    "bugs": {
      "url": "https://github.com/play-curious/RedMetrics2/issues"
    },
    "homepage": "https://github.com/play-curious/RedMetrics2#readme",
    "devDependencies": {
      "prettier": "^2.3.1",
    }
  }

yarn manifest: 
  No manifest

Lockfile: 
  # THIS IS AN AUTOGENERATED FILE. DO NOT EDIT THIS FILE DIRECTLY.
  # yarn lockfile v1
  
  
  prettier@^2.3.1:
    version "2.3.1"
    resolved "https://registry.yarnpkg.com/prettier/-/prettier-2.3.1.tgz#76903c3f8c4449bc9ac597acefa24dc5ad4cbea6"
    integrity sha512-p+vNbgpLjif/+D+DwAZAbndtRrR0md0MwfmOVN9N+2RgyACMT+7tfaRnT+WDPkqnuVwleyuBIG2XBxKDme3hPA==
  
  "rm2-typings@git+https://github.com/play-curious/RedMetrics2-typing.git#new-perm":
    version "1.0.0"
    resolved "git+https://github.com/play-curious/RedMetrics2-typing.git#531d5810ba5b3a175e632b24e6db37bb6eee715b"
  
  yarn@^1.22.10:
    version "1.22.10"
    resolved "https://registry.yarnpkg.com/yarn/-/yarn-1.22.10.tgz#c99daa06257c80f8fa2c3f1490724e394c26b18c"
    integrity sha512-IanQGI9RRPAN87VGTF7zs2uxkSyQSrSPsju0COgbsKQOOXr5LtcVPeyXWgwVa0ywG3d8dg6kSYKGBuYK021qeA==
